<?xml version="1.0" encoding="UTF-8"?>
<!-- Generated by org.testng.reporters.JUnitXMLReporter -->
<testsuite ignored="0" hostname="bravindra-lp" failures="0" tests="4" name="Default test" time="44.345" errors="0" timestamp="2025-10-25T16:07:48 IST">
  <testcase classname="datgadriven.utility.DataproviderTest" name="ProtocommerceForm" time="1.025"/>
  <testcase classname="datgadriven.utility.DataproviderTest" name="ProtocommerceForm" time="0.816"/>
  <testcase classname="datgadriven.utility.DataproviderTest" name="ProtocommerceForm" time="0.932"/>
  <testcase classname="datgadriven.utility.DataproviderTest" name="ProtocommerceForm" time="1.032"/>
</testsuite> <!-- Default test -->
