<?xml version="1.0" encoding="UTF-8"?>
<!-- Generated by org.testng.reporters.JUnitXMLReporter -->
<testsuite ignored="0" hostname="bravindra-lp" failures="0" tests="4" name="Default test" time="26.355" errors="0" timestamp="2025-10-27T11:38:59 IST">
  <testcase classname="com.DataDriven.DataproviderTest" name="ProtocommerceForm" time="0.679"/>
  <testcase classname="com.DataDriven.DataproviderTest" name="ProtocommerceForm" time="0.633"/>
  <testcase classname="com.DataDriven.DataproviderTest" name="ProtocommerceForm" time="0.613"/>
  <testcase classname="com.DataDriven.DataproviderTest" name="ProtocommerceForm" time="0.598"/>
</testsuite> <!-- Default test -->
