<?xml version="1.0" encoding="UTF-8"?>
<testng-results ignored="0" total="4" passed="4" failed="0" skipped="0">
  <reporter-output>
  </reporter-output>
  <suite started-at="2025-10-27T11:38:33 IST" name="Default suite" finished-at="2025-10-27T11:38:59 IST" duration-ms="26355">
    <groups>
    </groups>
    <test started-at="2025-10-27T11:38:33 IST" name="Default test" finished-at="2025-10-27T11:38:59 IST" duration-ms="26355">
      <class name="com.DataDriven.DataproviderTest">
        <test-method is-config="true" signature="Setup()[pri:0, instance:com.DataDriven.DataproviderTest@192c3f1e]" started-at="2025-10-27T11:38:33 IST" name="Setup" finished-at="2025-10-27T11:38:41 IST" duration-ms="7640" status="PASS">
          <reporter-output>
          </reporter-output>
        </test-method> <!-- Setup -->
        <test-method signature="ProtocommerceForm(java.lang.String,java.lang.String,java.lang.String)[pri:0, instance:com.DataDriven.DataproviderTest@192c3f1e]" started-at="2025-10-27T11:38:41 IST" name="ProtocommerceForm" data-provider="getTestData" finished-at="2025-10-27T11:38:42 IST" duration-ms="679" status="PASS">
          <params>
            <param index="0">
              <value>
                <![CDATA[Ravi]]>
              </value>
            </param>
            <param index="1">
              <value>
                <![CDATA[test1@gmail.com]]>
              </value>
            </param>
            <param index="2">
              <value>
                <![CDATA[1234qwer]]>
              </value>
            </param>
          </params>
          <reporter-output>
          </reporter-output>
        </test-method> <!-- ProtocommerceForm -->
        <test-method is-config="true" signature="Teardown()[pri:0, instance:com.DataDriven.DataproviderTest@192c3f1e]" started-at="2025-10-27T11:38:42 IST" name="Teardown" finished-at="2025-10-27T11:38:42 IST" duration-ms="437" status="PASS">
          <reporter-output>
          </reporter-output>
        </test-method> <!-- Teardown -->
        <test-method is-config="true" signature="Setup()[pri:0, instance:com.DataDriven.DataproviderTest@192c3f1e]" started-at="2025-10-27T11:38:42 IST" name="Setup" finished-at="2025-10-27T11:38:47 IST" duration-ms="4665" status="PASS">
          <reporter-output>
          </reporter-output>
        </test-method> <!-- Setup -->
        <test-method signature="ProtocommerceForm(java.lang.String,java.lang.String,java.lang.String)[pri:0, instance:com.DataDriven.DataproviderTest@192c3f1e]" started-at="2025-10-27T11:38:47 IST" name="ProtocommerceForm" data-provider="getTestData" finished-at="2025-10-27T11:38:47 IST" duration-ms="633" status="PASS">
          <params>
            <param index="0">
              <value>
                <![CDATA[Tom]]>
              </value>
            </param>
            <param index="1">
              <value>
                <![CDATA[test2@gmail.com]]>
              </value>
            </param>
            <param index="2">
              <value>
                <![CDATA[5678tyui]]>
              </value>
            </param>
          </params>
          <reporter-output>
          </reporter-output>
        </test-method> <!-- ProtocommerceForm -->
        <test-method is-config="true" signature="Teardown()[pri:0, instance:com.DataDriven.DataproviderTest@192c3f1e]" started-at="2025-10-27T11:38:47 IST" name="Teardown" finished-at="2025-10-27T11:38:48 IST" duration-ms="383" status="PASS">
          <reporter-output>
          </reporter-output>
        </test-method> <!-- Teardown -->
        <test-method is-config="true" signature="Setup()[pri:0, instance:com.DataDriven.DataproviderTest@192c3f1e]" started-at="2025-10-27T11:38:48 IST" name="Setup" finished-at="2025-10-27T11:38:52 IST" duration-ms="4579" status="PASS">
          <reporter-output>
          </reporter-output>
        </test-method> <!-- Setup -->
        <test-method signature="ProtocommerceForm(java.lang.String,java.lang.String,java.lang.String)[pri:0, instance:com.DataDriven.DataproviderTest@192c3f1e]" started-at="2025-10-27T11:38:52 IST" name="ProtocommerceForm" data-provider="getTestData" finished-at="2025-10-27T11:38:53 IST" duration-ms="613" status="PASS">
          <params>
            <param index="0">
              <value>
                <![CDATA[John]]>
              </value>
            </param>
            <param index="1">
              <value>
                <![CDATA[test3@gmail.com]]>
              </value>
            </param>
            <param index="2">
              <value>
                <![CDATA[9012opas]]>
              </value>
            </param>
          </params>
          <reporter-output>
          </reporter-output>
        </test-method> <!-- ProtocommerceForm -->
        <test-method is-config="true" signature="Teardown()[pri:0, instance:com.DataDriven.DataproviderTest@192c3f1e]" started-at="2025-10-27T11:38:53 IST" name="Teardown" finished-at="2025-10-27T11:38:53 IST" duration-ms="409" status="PASS">
          <reporter-output>
          </reporter-output>
        </test-method> <!-- Teardown -->
        <test-method is-config="true" signature="Setup()[pri:0, instance:com.DataDriven.DataproviderTest@192c3f1e]" started-at="2025-10-27T11:38:53 IST" name="Setup" finished-at="2025-10-27T11:38:58 IST" duration-ms="4514" status="PASS">
          <reporter-output>
          </reporter-output>
        </test-method> <!-- Setup -->
        <test-method signature="ProtocommerceForm(java.lang.String,java.lang.String,java.lang.String)[pri:0, instance:com.DataDriven.DataproviderTest@192c3f1e]" started-at="2025-10-27T11:38:58 IST" name="ProtocommerceForm" data-provider="getTestData" finished-at="2025-10-27T11:38:58 IST" duration-ms="598" status="PASS">
          <params>
            <param index="0">
              <value>
                <![CDATA[Navya]]>
              </value>
            </param>
            <param index="1">
              <value>
                <![CDATA[test4@gmail.com]]>
              </value>
            </param>
            <param index="2">
              <value>
                <![CDATA[4572jhu]]>
              </value>
            </param>
          </params>
          <reporter-output>
          </reporter-output>
        </test-method> <!-- ProtocommerceForm -->
        <test-method is-config="true" signature="Teardown()[pri:0, instance:com.DataDriven.DataproviderTest@192c3f1e]" started-at="2025-10-27T11:38:58 IST" name="Teardown" finished-at="2025-10-27T11:38:59 IST" duration-ms="403" status="PASS">
          <reporter-output>
          </reporter-output>
        </test-method> <!-- Teardown -->
      </class> <!-- com.DataDriven.DataproviderTest -->
    </test> <!-- Default test -->
  </suite> <!-- Default suite -->
</testng-results>
