<?xml version="1.0" encoding="UTF-8"?>
<testng-results ignored="0" total="4" passed="4" failed="0" skipped="0">
  <reporter-output>
  </reporter-output>
  <suite started-at="2025-10-25T16:07:04 IST" name="Default suite" finished-at="2025-10-25T16:07:48 IST" duration-ms="44345">
    <groups>
    </groups>
    <test started-at="2025-10-25T16:07:04 IST" name="Default test" finished-at="2025-10-25T16:07:48 IST" duration-ms="44345">
      <class name="datgadriven.utility.DataproviderTest">
        <test-method is-config="true" signature="Setup()[pri:0, instance:datgadriven.utility.DataproviderTest@4c39bec8]" started-at="2025-10-25T16:07:06 IST" name="Setup" finished-at="2025-10-25T16:07:15 IST" duration-ms="9963" status="PASS">
          <reporter-output>
          </reporter-output>
        </test-method> <!-- Setup -->
        <test-method signature="ProtocommerceForm(java.lang.String,java.lang.String,java.lang.String)[pri:0, instance:datgadriven.utility.DataproviderTest@4c39bec8]" started-at="2025-10-25T16:07:15 IST" name="ProtocommerceForm" data-provider="getTestData" finished-at="2025-10-25T16:07:17 IST" duration-ms="1025" status="PASS">
          <params>
            <param index="0">
              <value>
                <![CDATA[Ravi]]>
              </value>
            </param>
            <param index="1">
              <value>
                <![CDATA[test1@gmail.com]]>
              </value>
            </param>
            <param index="2">
              <value>
                <![CDATA[1234qwer]]>
              </value>
            </param>
          </params>
          <reporter-output>
          </reporter-output>
        </test-method> <!-- ProtocommerceForm -->
        <test-method is-config="true" signature="Setup()[pri:0, instance:datgadriven.utility.DataproviderTest@4c39bec8]" started-at="2025-10-25T16:07:17 IST" name="Setup" finished-at="2025-10-25T16:07:26 IST" duration-ms="9147" status="PASS">
          <reporter-output>
          </reporter-output>
        </test-method> <!-- Setup -->
        <test-method signature="ProtocommerceForm(java.lang.String,java.lang.String,java.lang.String)[pri:0, instance:datgadriven.utility.DataproviderTest@4c39bec8]" started-at="2025-10-25T16:07:26 IST" name="ProtocommerceForm" data-provider="getTestData" finished-at="2025-10-25T16:07:26 IST" duration-ms="816" status="PASS">
          <params>
            <param index="0">
              <value>
                <![CDATA[Tom]]>
              </value>
            </param>
            <param index="1">
              <value>
                <![CDATA[test2@gmail.com]]>
              </value>
            </param>
            <param index="2">
              <value>
                <![CDATA[5678tyui]]>
              </value>
            </param>
          </params>
          <reporter-output>
          </reporter-output>
        </test-method> <!-- ProtocommerceForm -->
        <test-method is-config="true" signature="Setup()[pri:0, instance:datgadriven.utility.DataproviderTest@4c39bec8]" started-at="2025-10-25T16:07:26 IST" name="Setup" finished-at="2025-10-25T16:07:37 IST" duration-ms="10308" status="PASS">
          <reporter-output>
          </reporter-output>
        </test-method> <!-- Setup -->
        <test-method signature="ProtocommerceForm(java.lang.String,java.lang.String,java.lang.String)[pri:0, instance:datgadriven.utility.DataproviderTest@4c39bec8]" started-at="2025-10-25T16:07:37 IST" name="ProtocommerceForm" data-provider="getTestData" finished-at="2025-10-25T16:07:38 IST" duration-ms="932" status="PASS">
          <params>
            <param index="0">
              <value>
                <![CDATA[John]]>
              </value>
            </param>
            <param index="1">
              <value>
                <![CDATA[test3@gmail.com]]>
              </value>
            </param>
            <param index="2">
              <value>
                <![CDATA[9012opas]]>
              </value>
            </param>
          </params>
          <reporter-output>
          </reporter-output>
        </test-method> <!-- ProtocommerceForm -->
        <test-method is-config="true" signature="Setup()[pri:0, instance:datgadriven.utility.DataproviderTest@4c39bec8]" started-at="2025-10-25T16:07:38 IST" name="Setup" finished-at="2025-10-25T16:07:47 IST" duration-ms="9326" status="PASS">
          <reporter-output>
          </reporter-output>
        </test-method> <!-- Setup -->
        <test-method signature="ProtocommerceForm(java.lang.String,java.lang.String,java.lang.String)[pri:0, instance:datgadriven.utility.DataproviderTest@4c39bec8]" started-at="2025-10-25T16:07:47 IST" name="ProtocommerceForm" data-provider="getTestData" finished-at="2025-10-25T16:07:48 IST" duration-ms="1032" status="PASS">
          <params>
            <param index="0">
              <value>
                <![CDATA[Navya]]>
              </value>
            </param>
            <param index="1">
              <value>
                <![CDATA[test4@gmail.com]]>
              </value>
            </param>
            <param index="2">
              <value>
                <![CDATA[4572jhu]]>
              </value>
            </param>
          </params>
          <reporter-output>
          </reporter-output>
        </test-method> <!-- ProtocommerceForm -->
      </class> <!-- datgadriven.utility.DataproviderTest -->
    </test> <!-- Default test -->
  </suite> <!-- Default suite -->
</testng-results>
